<?xml version="1.0" encoding="UTF-8"?>
<!-- Generated by org.testng.reporters.JUnitReportReporter -->
<testsuite skipped="0" hostname="ip-172-31-29-188" name="test.CheckOutTest" tests="1" failures="0" timestamp="25 Dec 2021 07:39:09 GMT" time="0.509" errors="0">
  <testcase name="checkout" time="0.509" classname="test.CheckOutTest"/>
</testsuite> <!-- test.CheckOutTest -->
