<?xml version="1.0" encoding="UTF-8"?>
<!-- Generated by org.testng.reporters.JUnitReportReporter -->
<testsuite skipped="0" hostname="ip-172-31-29-188" name="test.LoginTest" tests="1" failures="0" timestamp="25 Dec 2021 07:39:09 GMT" time="0.294" errors="0">
  <testcase name="login" time="0.294" classname="test.LoginTest"/>
</testsuite> <!-- test.LoginTest -->
