<?xml version="1.0" encoding="UTF-8"?>
<!-- Generated by org.testng.reporters.JUnitReportReporter -->
<testsuite skipped="0" hostname="ip-172-31-29-188" name="test.AddProductTest" tests="1" failures="0" timestamp="25 Dec 2021 07:39:09 GMT" time="0.564" errors="0">
  <testcase name="AddProduct" time="0.564" classname="test.AddProductTest"/>
</testsuite> <!-- test.AddProductTest -->
